  AsyncServerWithHead.cpp
  Please define _WIN32_WINNT or _WIN32_WINDOWS appropriately. For example:
  - add -D_WIN32_WINNT=0x0601 to the compiler command line; or
  - add _WIN32_WINNT=0x0601 to your project's Preprocessor Definitions.
  Assuming _WIN32_WINNT=0x0601 (i.e. Windows 7 target).
  CServer.cpp
  Please define _WIN32_WINNT or _WIN32_WINDOWS appropriately. For example:
  - add -D_WIN32_WINNT=0x0601 to the compiler command line; or
  - add _WIN32_WINNT=0x0601 to your project's Preprocessor Definitions.
  Assuming _WIN32_WINNT=0x0601 (i.e. Windows 7 target).
  CSession.cpp
  Please define _WIN32_WINNT or _WIN32_WINDOWS appropriately. For example:
  - add -D_WIN32_WINNT=0x0601 to the compiler command line; or
  - add _WIN32_WINNT=0x0601 to your project's Preprocessor Definitions.
  Assuming _WIN32_WINNT=0x0601 (i.e. Windows 7 target).
D:\桌面\Studying\asio\AsyncServerWithHead\AsyncServerWithHead\CSession.cpp(76,35): warning C4267: “+=”: 从“size_t”转换到“short”，可能丢失数据
D:\桌面\Studying\asio\AsyncServerWithHead\AsyncServerWithHead\CSession.cpp(108,34): warning C4267: “+=”: 从“size_t”转换到“short”，可能丢失数据
D:\桌面\Studying\asio\AsyncServerWithHead\AsyncServerWithHead\CSession.cpp(117,33): warning C4267: “+=”: 从“size_t”转换到“short”，可能丢失数据
  正在生成代码...
  AsyncServerWithHead.vcxproj -> D:\桌面\Studying\asio\AsyncServerWithHead\x64\Debug\AsyncServerWithHead.exe
