  CSession.cpp
  Please define _WIN32_WINNT or _WIN32_WINDOWS appropriately. For example:
  - add -D_WIN32_WINNT=0x0601 to the compiler command line; or
  - add _WIN32_WINNT=0x0601 to your project's Preprocessor Definitions.
  Assuming _WIN32_WINNT=0x0601 (i.e. Windows 7 target).
D:\桌面\Studying\asio\JsonServer\JsonServer\CSession.cpp(44,16): warning C4267: “初始化”: 从“size_t”转换到“int”，可能丢失数据
D:\桌面\Studying\asio\JsonServer\JsonServer\CSession.cpp(62,16): warning C4267: “初始化”: 从“size_t”转换到“int”，可能丢失数据
D:\桌面\Studying\asio\JsonServer\JsonServer\CSession.cpp(97,36): warning C4267: “+=”: 从“size_t”转换到“short”，可能丢失数据
D:\桌面\Studying\asio\JsonServer\JsonServer\CSession.cpp(135,35): warning C4267: “+=”: 从“size_t”转换到“short”，可能丢失数据
D:\桌面\Studying\asio\JsonServer\JsonServer\CSession.cpp(186,34): warning C4267: “+=”: 从“size_t”转换到“short”，可能丢失数据
D:\Visual Studio\Microsoft Visual Studio\2022\Community\VC\Tools\MSVC\14.42.34433\include\xutility(406,82): warning C4267: “参数”: 从“size_t”转换到“short”，可能丢失数据
  (编译源文件“CSession.cpp”)
      D:\Visual Studio\Microsoft Visual Studio\2022\Community\VC\Tools\MSVC\14.42.34433\include\xutility(406,82):
      模板实例化上下文(最早的实例化上下文)为
          D:\桌面\Studying\asio\JsonServer\JsonServer\CSession.cpp(68,22):
          查看对正在编译的函数 模板 实例化“std::shared_ptr<MsgNode> std::make_shared<MsgNode,const _Elem*,unsigned __int64>(const _Elem *&&,unsigned __int64 &&)”的引用
          with
          [
              _Elem=char
          ]
          D:\Visual Studio\Microsoft Visual Studio\2022\Community\VC\Tools\MSVC\14.42.34433\include\memory(2906,46):
          查看对正在编译的函数 模板 实例化“std::_Ref_count_obj2<MsgNode>::_Ref_count_obj2<_Ty,unsigned __int64>(_Ty &&,unsigned __int64 &&)”的引用
          with
          [
              _Ty=const char *
          ]
          D:\Visual Studio\Microsoft Visual Studio\2022\Community\VC\Tools\MSVC\14.42.34433\include\memory(2095,18):
          查看对正在编译的函数 模板 实例化“void std::_Construct_in_place<_Ty,const char*,unsigned __int64>(_Ty &,const char *&&,unsigned __int64 &&) noexcept(false)”的引用
          with
          [
              _Ty=MsgNode
          ]
  
  JsonServer.vcxproj -> D:\桌面\Studying\asio\JsonServer\x64\Debug\JsonServer.exe
